<?xml version="1.0" encoding="UTF-8"?>
<testsuites>
  <testsuite name="Package Test Suite" tests="4" assertions="32" failures="0" errors="0" time="0.044119">
    <testsuite name="Plinker\Core\ClientTest" file="/var/www/html/vendor/plinker/core/tests/ClientTest.php" tests="4" assertions="32" failures="0" errors="0" time="0.044119">
      <testcase name="testTrueIsTrue" class="Plinker\Core\ClientTest" file="/var/www/html/vendor/plinker/core/tests/ClientTest.php" line="22" assertions="1" time="0.014894"/>
      <testcase name="testClientConstruct" class="Plinker\Core\ClientTest" file="/var/www/html/vendor/plinker/core/tests/ClientTest.php" line="72" assertions="19" time="0.012182"/>
      <testcase name="testUseComponent" class="Plinker\Core\ClientTest" file="/var/www/html/vendor/plinker/core/tests/ClientTest.php" line="118" assertions="8" time="0.010804"/>
      <testcase name="testMagicCallerInvalidArgumentExceptions" class="Plinker\Core\ClientTest" file="/var/www/html/vendor/plinker/core/tests/ClientTest.php" line="151" assertions="4" time="0.006239"/>
    </testsuite>
  </testsuite>
</testsuites>
